Flow report for Lab6
Thu Apr 11 16:05:24 2024
Quartus II 64-Bit Version 14.0.2 Build 209 09/17/2014 SJ Full Version


---------------------
; Table of Contents ;
---------------------
  1. Legal Notice
  2. Flow Summary
  3. Flow Settings
  4. Flow Non-Default Global Settings
  5. Flow Elapsed Time
  6. Flow OS Summary
  7. Flow Log
  8. Flow Messages
  9. Flow Suppressed Messages



----------------
; Legal Notice ;
----------------
Copyright (C) 1991-2014 Altera Corporation. All rights reserved.
Your use of Altera Corporation's design tools, logic functions 
and other software and tools, and its AMPP partner logic 
functions, and any output files from any of the foregoing 
(including device programming or simulation files), and any 
associated documentation or information are expressly subject 
to the terms and conditions of the Altera Program License 
Subscription Agreement, the Altera Quartus II License Agreement,
the Altera MegaCore Function License Agreement, or other 
applicable license agreement, including, without limitation, 
that your use is for the sole purpose of programming logic 
devices manufactured by Altera and sold by Altera or its 
authorized distributors.  Please refer to the applicable 
agreement for further details.



+----------------------------------------------------------------------------------+
; Flow Summary                                                                     ;
+------------------------------------+---------------------------------------------+
; Flow Status                        ; Successful - Thu Apr 11 16:05:24 2024       ;
; Quartus II 64-Bit Version          ; 14.0.2 Build 209 09/17/2014 SJ Full Version ;
; Revision Name                      ; Lab6                                        ;
; Top-level Entity Name              ; cpu_test_sim                                ;
; Family                             ; Cyclone IV GX                               ;
; Total logic elements               ; 679 / 29,440 ( 2 % )                        ;
;     Total combinational functions  ; 670 / 29,440 ( 2 % )                        ;
;     Dedicated logic registers      ; 169 / 29,440 ( < 1 % )                      ;
; Total registers                    ; 169                                         ;
; Total pins                         ; 209 / 307 ( 68 % )                          ;
; Total virtual pins                 ; 0                                           ;
; Total memory bits                  ; 10,240 / 1,105,920 ( < 1 % )                ;
; Embedded Multiplier 9-bit elements ; 0 / 160 ( 0 % )                             ;
; Total GXB Receiver Channel PCS     ; 0 / 4 ( 0 % )                               ;
; Total GXB Receiver Channel PMA     ; 0 / 4 ( 0 % )                               ;
; Total GXB Transmitter Channel PCS  ; 0 / 4 ( 0 % )                               ;
; Total GXB Transmitter Channel PMA  ; 0 / 4 ( 0 % )                               ;
; Total PLLs                         ; 0 / 6 ( 0 % )                               ;
; Device                             ; EP4CGX30CF23C6                              ;
; Timing Models                      ; Final                                       ;
+------------------------------------+---------------------------------------------+


+-----------------------------------------+
; Flow Settings                           ;
+-------------------+---------------------+
; Option            ; Setting             ;
+-------------------+---------------------+
; Start date & time ; 04/11/2024 16:02:55 ;
; Main task         ; Compilation         ;
; Revision Name     ; Lab6                ;
+-------------------+---------------------+


+----------------------------------------------------------------------------------------------------------------------------------------------------------+
; Flow Non-Default Global Settings                                                                                                                         ;
+-------------------------------------+--------------------------------------------------------------------+---------------+--------------+----------------+
; Assignment Name                     ; Value                                                              ; Default Value ; Entity Name  ; Section Id     ;
+-------------------------------------+--------------------------------------------------------------------+---------------+--------------+----------------+
; COMPILER_SIGNATURE_ID               ; 203178706506691.171286577503313                                    ; --            ; --           ; --             ;
; EDA_GENERATE_FUNCTIONAL_NETLIST     ; On                                                                 ; --            ; --           ; eda_simulation ;
; EDA_NETLIST_WRITER_OUTPUT_DIR       ; /home/student1/m3allahy/Documents/COE608/Lab6 (2)/simulation/qsim/ ; --            ; --           ; eda_simulation ;
; EDA_OUTPUT_DATA_FORMAT              ; Verilog Hdl                                                        ; --            ; --           ; eda_simulation ;
; EDA_SIMULATION_TOOL                 ; ModelSim-Altera (Verilog)                                          ; <None>        ; --           ; --             ;
; EDA_TIME_SCALE                      ; 1 ps                                                               ; --            ; --           ; eda_simulation ;
; IP_TOOL_NAME                        ; RAM: 1-PORT                                                        ; --            ; --           ; --             ;
; IP_TOOL_VERSION                     ; 13.0                                                               ; --            ; --           ; --             ;
; MISC_FILE                           ; system_memory.cmp                                                  ; --            ; --           ; --             ;
; PARTITION_COLOR                     ; 16764057                                                           ; --            ; cpu_test_sim ; Top            ;
; PARTITION_FITTER_PRESERVATION_LEVEL ; PLACEMENT_AND_ROUTING                                              ; --            ; cpu_test_sim ; Top            ;
; PARTITION_NETLIST_TYPE              ; SOURCE                                                             ; --            ; cpu_test_sim ; Top            ;
; TOP_LEVEL_ENTITY                    ; cpu_test_sim                                                       ; Lab6          ; --           ; --             ;
+-------------------------------------+--------------------------------------------------------------------+---------------+--------------+----------------+


+-------------------------------------------------------------------------------------------------------------------------------+
; Flow Elapsed Time                                                                                                             ;
+---------------------------+--------------+-------------------------+---------------------+------------------------------------+
; Module Name               ; Elapsed Time ; Average Processors Used ; Peak Virtual Memory ; Total CPU Time (on all processors) ;
+---------------------------+--------------+-------------------------+---------------------+------------------------------------+
; Analysis & Synthesis      ; 00:00:09     ; 1.0                     ; 1043 MB             ; 00:00:07                           ;
; Fitter                    ; 00:01:33     ; 1.3                     ; 1471 MB             ; 00:01:40                           ;
; Assembler                 ; 00:00:04     ; 1.0                     ; 834 MB              ; 00:00:04                           ;
; TimeQuest Timing Analyzer ; 00:00:10     ; 1.0                     ; 875 MB              ; 00:00:05                           ;
; EDA Netlist Writer        ; 00:00:01     ; 1.0                     ; 956 MB              ; 00:00:01                           ;
; EDA Netlist Writer        ; 00:00:01     ; 1.0                     ; 1065 MB             ; 00:00:01                           ;
; EDA Netlist Writer        ; 00:00:01     ; 1.0                     ; 1065 MB             ; 00:00:01                           ;
; Total                     ; 00:01:59     ; --                      ; --                  ; 00:01:59                           ;
+---------------------------+--------------+-------------------------+---------------------+------------------------------------+


+---------------------------------------------------------------------------------------------------+
; Flow OS Summary                                                                                   ;
+---------------------------+------------------------+--------------+--------------+----------------+
; Module Name               ; Machine Hostname       ; OS Name      ; OS Version   ; Processor type ;
+---------------------------+------------------------+--------------+--------------+----------------+
; Analysis & Synthesis      ; acapella.ee.ryerson.ca ; CentOS Linux ; CentOS Linux ; x86_64         ;
; Fitter                    ; acapella.ee.ryerson.ca ; CentOS Linux ; CentOS Linux ; x86_64         ;
; Assembler                 ; acapella.ee.ryerson.ca ; CentOS Linux ; CentOS Linux ; x86_64         ;
; TimeQuest Timing Analyzer ; acapella.ee.ryerson.ca ; CentOS Linux ; CentOS Linux ; x86_64         ;
; EDA Netlist Writer        ; acapella.ee.ryerson.ca ; CentOS Linux ; CentOS Linux ; x86_64         ;
; EDA Netlist Writer        ; acapella.ee.ryerson.ca ; CentOS Linux ; CentOS Linux ; x86_64         ;
; EDA Netlist Writer        ; acapella.ee.ryerson.ca ; CentOS Linux ; CentOS Linux ; x86_64         ;
+---------------------------+------------------------+--------------+--------------+----------------+


------------
; Flow Log ;
------------
quartus_map --read_settings_files=on --write_settings_files=off lab6 -c Lab6
quartus_fit --read_settings_files=off --write_settings_files=off lab6 -c Lab6
quartus_asm --read_settings_files=off --write_settings_files=off lab6 -c Lab6
quartus_sta lab6 -c Lab6
quartus_eda --read_settings_files=off --write_settings_files=off lab6 -c Lab6
quartus_eda --gen_testbench --check_outputs=on --tool=modelsim_oem --format=verilog lab6 -c Lab6 --vector_source="/home/student1/m3allahy/Documents/COE608/Lab6 (2)/cpu_test_sim.vwf" --testbench_file="/home/student1/m3allahy/Documents/COE608/Lab6 (2)/simulation/qsim/cpu_test_sim.vwf.vt"
quartus_eda --functional=on --flatten_buses=off --simulation=on --tool=modelsim_oem --format=verilog --output_directory="/home/student1/m3allahy/Documents/COE608/Lab6 (2)/simulation/qsim/" lab6 -c Lab6



